#
# A fatal error has been detected by the Java Runtime Environment:
#
#  EXCEPTION_STACK_OVERFLOW (0xc00000fd) at pc=0x6e1353d3, pid=44344, tid=21832
#
# JRE version:  (8.0_45-b14) (build )
# Java VM: Java HotSpot(TM) Client VM (25.45-b02 mixed mode, sharing windows-x86 )
# Problematic frame:
# V  [jvm.dll+0x1553d3]
#
# Failed to write core dump. Minidumps are not enabled by default on client versions of Windows
#
# If you would like to submit a bug report, please visit:
#   http://bugreport.java.com/bugreport/crash.jsp
#

---------------  T H R E A D  ---------------

Current thread (0x01f3d000):  JavaThread "Reference Handler" daemon [_thread_in_vm, id=21832, stack(0x25350000,0x253a0000)]

siginfo: ExceptionCode=0xc00000fd, ExceptionInformation=0x00000001 0x2539c55c 

Registers:
EAX=0x00003000, EBX=0x2539f74c, ECX=0x2539c55c, EDX=0x01f3a118
ESP=0x2539f568, EBP=0x2539f5d4, ESI=0x00000004, EDI=0x2539f55c
EIP=0x6e1353d3, EFLAGS=0x00010202

Top of Stack: (sp=0x2539f568)
0x2539f568:   01f3d8e0 01f3d000 6e135c63 00000000
0x2539f578:   01f3d000 2539f6bc 00000001 01f3d000
0x2539f588:   6e062ce5 01f3d000 01f3a118 25545520
0x2539f598:   2539f5f4 6e06364e 254136f0 25545550
0x2539f5a8:   25412cd0 01f3d000 25545520 01f3d000
0x2539f5b8:   01f3a118 25545520 01f3d000 0000000a
0x2539f5c8:   2539f6bc 01f3d8e0 02519a60 2539f61c
0x2539f5d8:   6e1fb12e 2539f744 2539f648 2539f6bc 

Instructions: (pc=0x6e1353d3)
0x6e1353b3:   69 5e 0c 00 be 01 00 00 00 8b f8 39 35 60 08 33
0x6e1353c3:   6e 7c 1b e8 25 3d 06 00 0f af c6 8b cf 2b c8 46
0x6e1353d3:   c7 01 00 00 00 00 3b 35 60 08 33 6e 7e e5 5f 5e
0x6e1353e3:   c3 cc cc cc cc cc cc cc cc cc cc cc cc 8b 01 8b 


Register to memory mapping:

EAX=0x00003000 is an unknown value
EBX=0x2539f74c is pointing into the stack for thread: 0x01f3d000
ECX=0x2539c55c is pointing into the stack for thread: 0x01f3d000
EDX=0x01f3a118 is an unknown value
ESP=0x2539f568 is pointing into the stack for thread: 0x01f3d000
EBP=0x2539f5d4 is pointing into the stack for thread: 0x01f3d000
ESI=0x00000004 is an unknown value
EDI=0x2539f55c is pointing into the stack for thread: 0x01f3d000


Stack: [0x25350000,0x253a0000],  sp=0x2539f568,  free space=317k
Native frames: (J=compiled Java code, j=interpreted, Vv=VM code, C=native code)
V  [jvm.dll+0x1553d3]
V  [jvm.dll+0x21b12e]
V  [jvm.dll+0x155d4e]
V  [jvm.dll+0x155ed6]
V  [jvm.dll+0x155f47]
V  [jvm.dll+0xfb0cf]
V  [jvm.dll+0x17901c]
V  [jvm.dll+0x17910a]
V  [jvm.dll+0x1bd6e6]
C  [msvcr100.dll+0x5c556]
C  [msvcr100.dll+0x5c600]
C  [kernel32.dll+0x133aa]
C  [ntdll.dll+0x39ef2]
C  [ntdll.dll+0x39ec5]
C  0x00000000


---------------  P R O C E S S  ---------------

Java Threads: ( => current thread )
  0x01f3e400 JavaThread "Finalizer" daemon [_thread_blocked, id=44280, stack(0x24750000,0x247a0000)]
=>0x01f3d000 JavaThread "Reference Handler" daemon [_thread_in_vm, id=21832, stack(0x25350000,0x253a0000)]
  0x01ede000 JavaThread "main" [_thread_in_vm, id=28708, stack(0x020f0000,0x02140000)]

Other Threads:
  0x01f3bc00 VMThread [stack: 0x252a0000,0x252f0000] [id=45848]

VM state:not at safepoint (normal execution)

VM Mutex/Monitor currently owned by a thread: None

Heap:
 def new generation   total 4928K, used 176K [0x04600000, 0x04b50000, 0x0f0a0000)
  eden space 4416K,   4% used [0x04600000, 0x0462c340, 0x04a50000)
  from space 512K,   0% used [0x04a50000, 0x04a50000, 0x04ad0000)
  to   space 512K,   0% used [0x04ad0000, 0x04ad0000, 0x04b50000)
 tenured generation   total 10944K, used 0K [0x0f0a0000, 0x0fb50000, 0x24600000)
   the space 10944K,   0% used [0x0f0a0000, 0x0f0a0000, 0x0f0a0200, 0x0fb50000)
 Metaspace       used 7K, capacity 2240K, committed 2240K, reserved 4480K

Card table byte_map: [0x24600000,0x24710000] byte_map_base: 0x245dd000

Polling page: 0x01ad0000

CodeCache: size=32768Kb used=334Kb max_used=334Kb free=32433Kb
 bounds [0x02510000, 0x02568000, 0x04510000]
 total_blobs=71 nmethods=0 adapters=48
 compilation: enabled

Compilation events (0 events):
No events

GC Heap History (0 events):
No events

Deoptimization events (0 events):
No events

Internal exceptions (0 events):
No events

Events (3 events):
Event: 0.042 Thread 0x01ede000 Thread added: 0x01ede000
Event: 0.061 Thread 0x01f3d000 Thread added: 0x01f3d000
Event: 0.062 Thread 0x01f3e400 Thread added: 0x01f3e400


Dynamic libraries:
0x00180000 - 0x001b3000 	C:\ProgramData\Oracle\Java\javapath\java.exe
0x77500000 - 0x77680000 	C:\Windows\SysWOW64\ntdll.dll
0x75210000 - 0x75320000 	C:\Windows\syswow64\kernel32.dll
0x75340000 - 0x75387000 	C:\Windows\syswow64\KERNELBASE.dll
0x75730000 - 0x757d0000 	C:\Windows\syswow64\ADVAPI32.dll
0x76bd0000 - 0x76c7c000 	C:\Windows\syswow64\msvcrt.dll
0x76c80000 - 0x76c99000 	C:\Windows\SysWOW64\sechost.dll
0x76700000 - 0x767f0000 	C:\Windows\syswow64\RPCRT4.dll
0x74f50000 - 0x74fb0000 	C:\Windows\syswow64\SspiCli.dll
0x74f40000 - 0x74f4c000 	C:\Windows\syswow64\CRYPTBASE.dll
0x76ac0000 - 0x76bc0000 	C:\Windows\syswow64\USER32.dll
0x75870000 - 0x75900000 	C:\Windows\syswow64\GDI32.dll
0x774d0000 - 0x774da000 	C:\Windows\syswow64\LPK.dll
0x76df0000 - 0x76e8d000 	C:\Windows\syswow64\USP10.dll
0x734a0000 - 0x7363e000 	C:\Windows\WinSxS\x86_microsoft.windows.common-controls_6595b64144ccf1df_6.0.7601.17514_none_41e6975e2bd6f2b2\COMCTL32.dll
0x75930000 - 0x75987000 	C:\Windows\syswow64\SHLWAPI.dll
0x75470000 - 0x754d0000 	C:\Windows\system32\IMM32.DLL
0x753a0000 - 0x7546c000 	C:\Windows\syswow64\MSCTF.dll
0x5b630000 - 0x5b6ef000 	C:\Program Files (x86)\Java\jre1.8.0_45\bin\msvcr100.dll
0x6dfe0000 - 0x6e3a0000 	C:\Program Files (x86)\Java\jre1.8.0_45\bin\client\jvm.dll
0x6d570000 - 0x6d577000 	C:\Windows\system32\WSOCK32.dll
0x75820000 - 0x75855000 	C:\Windows\syswow64\WS2_32.dll
0x75390000 - 0x75396000 	C:\Windows\syswow64\NSI.dll
0x6fa40000 - 0x6fa72000 	C:\Windows\system32\WINMM.dll
0x731e0000 - 0x731e9000 	C:\Windows\system32\VERSION.dll
0x75aa0000 - 0x75aa5000 	C:\Windows\syswow64\PSAPI.DLL
0x715a0000 - 0x715ac000 	C:\Program Files (x86)\Java\jre1.8.0_45\bin\verify.dll
0x71570000 - 0x71591000 	C:\Program Files (x86)\Java\jre1.8.0_45\bin\java.dll
0x71550000 - 0x71563000 	C:\Program Files (x86)\Java\jre1.8.0_45\bin\zip.dll
0x75ab0000 - 0x766fa000 	C:\Windows\syswow64\SHELL32.dll
0x767f0000 - 0x7694c000 	C:\Windows\syswow64\ole32.dll
0x6f920000 - 0x6f92b000 	C:\Windows\system32\profapi.dll

VM Arguments:
jvm_args: -Xmx512M 
java_command: <unknown>
java_class_path (initial): .
Launcher Type: SUN_STANDARD

Environment Variables:
JAVA_HOME=C:\Program Files\Java\jdk1.7.0_71
_JAVA_OPTIONS=-Xmx512M
PATH=C:\ProgramData\Oracle\Java\javapath;C:\Windows\system32;C:\Windows;C:\Windows\System32\Wbem;C:\Windows\System32\WindowsPowerShell\v1.0\;C:\Program Files (x86)\Microsoft SQL Server\100\Tools\Binn\VSShell\Common7\IDE\;C:\Program Files (x86)\Microsoft SQL Server\100\Tools\Binn\;C:\Program Files\Microsoft SQL Server\100\Tools\Binn\;C:\Program Files (x86)\Microsoft SQL Server\100\DTS\Binn\;C:\Program Files\Microsoft SQL Server\100\DTS\Binn\;C:\Program Files (x86)\Microsoft Team Foundation Server 2012 Power Tools\;C:\Program Files (x86)\Microsoft Team Foundation Server 2012 Power Tools\Best Practices Analyzer\;C:\Program Files\System Center Operations Manager 2007\;C:\Program Files (x86)\Microsoft ASP.NET\ASP.NET Web Pages\v1.0\;C:\Program Files\Microsoft SQL Server\110\Tools\Binn\;C:\Program Files\Microsoft\Web Platform Installer\;C:\Program Files\Devart\Review Assistant;C:\Program Files\Microsoft SQL Server\120\Tools\Binn\;C:\Program Files\nodejs\;C:\Users\htan\Documents\Visual Studio 2012\Projects\MvcApplication2\node_modules\protractor\selenium;C:\Program Files (x86)\Git\cmd;C:\Program Files (x86)\GtkSharp\2.12\bin;C:\Program Files (x86)\Skype\Phone\;C:\Program Files (x86)\Windows Kits\8.1\Windows Performance Toolkit\;C:\Program Files (x86)\Microsoft SDKs\TypeScript\1.4\;C:\Program Files (x86)\nodejs\;C:\Ruby193\bin;C:\Program Files\Java\jdk1.7.0_71;C:\Program Files\Java\jre7;C:\apache-ant-1.9.3\bin;I:\Android\android-sdk\tools;I:\Android\android-sdk\platform-tools;C:\Users\htan\AppData\Roaming\npm
USERNAME=htan
OS=Windows_NT
PROCESSOR_IDENTIFIER=Intel64 Family 6 Model 42 Stepping 7, GenuineIntel



---------------  S Y S T E M  ---------------

OS: Windows 7 , 64 bit Build 7601 (6.1.7601.17932)

CPU:total 8 (4 cores per cpu, 2 threads per core) family 6 model 42 stepping 7, cmov, cx8, fxsr, mmx, sse, sse2, sse3, ssse3, sse4.1, sse4.2, popcnt, avx, aes, clmul, ht, tsc, tscinvbit

Memory: 4k page, physical 8233400k(533580k free), swap 10640260k(189508k free)

vm_info: Java HotSpot(TM) Client VM (25.45-b02) for windows-x86 JRE (1.8.0_45-b14), built on Apr 10 2015 10:46:40 by "java_re" with MS VC++ 10.0 (VS2010)

time: Wed Aug 26 19:09:08 2015
elapsed time: 0 seconds (0d 0h 0m 0s)

