#
# A fatal error has been detected by the Java Runtime Environment:
#
#  Internal Error (exceptions.cpp:427), pid=47348, tid=17588
#  fatal error: ExceptionMark destructor expects no pending exceptions
#
# JRE version: Java(TM) SE Runtime Environment (8.0_45-b14) (build 1.8.0_45-b14)
# Java VM: Java HotSpot(TM) Client VM (25.45-b02 mixed mode, sharing windows-x86 )
# Failed to write core dump. Minidumps are not enabled by default on client versions of Windows
#
# If you would like to submit a bug report, please visit:
#   http://bugreport.java.com/bugreport/crash.jsp
#

---------------  T H R E A D  ---------------

Current thread (0x004ce400):  JavaThread "main" [_thread_in_vm, id=17588, stack(0x01d00000,0x01d50000)]

Stack: [0x01d00000,0x01d50000],  sp=0x01d4fb08,  free space=318k
Native frames: (J=compiled Java code, j=interpreted, Vv=VM code, C=native code)
V  [jvm.dll+0x1a4f8b]
V  [jvm.dll+0x19d846]
V  [jvm.dll+0x19e01a]
V  [jvm.dll+0x178c5e]
V  [jvm.dll+0xe51a1]
C  [java.exe+0x14c6]
C  [java.exe+0x203a]
C  [java.exe+0xadef]
C  [java.exe+0xae79]
C  [kernel32.dll+0x133aa]
C  [ntdll.dll+0x39ef2]
C  [ntdll.dll+0x39ec5]
C  0x00000000


---------------  P R O C E S S  ---------------

Java Threads: ( => current thread )
  0x01c75c00 JavaThread "C1 CompilerThread0" daemon [_thread_blocked, id=28064, stack(0x25ad0000,0x25b20000)]
  0x01c74c00 JavaThread "Attach Listener" daemon [_thread_blocked, id=45428, stack(0x24720000,0x24770000)]
  0x01c68800 JavaThread "Signal Dispatcher" daemon [_thread_blocked, id=47076, stack(0x25a10000,0x25a60000)]
  0x01c5f800 JavaThread "Finalizer" daemon [_thread_blocked, id=33688, stack(0x25990000,0x259e0000)]
  0x01c5e000 JavaThread "Reference Handler" daemon [_thread_blocked, id=43656, stack(0x25380000,0x253d0000)]
=>0x004ce400 JavaThread "main" [_thread_in_vm, id=17588, stack(0x01d00000,0x01d50000)]

Other Threads:
  0x01c5cc00 VMThread [stack: 0x252a0000,0x252f0000] [id=23148]

VM state:not at safepoint (normal execution)

VM Mutex/Monitor currently owned by a thread: None

Heap:
 def new generation   total 4928K, used 442K [0x04600000, 0x04b50000, 0x0f0a0000)
  eden space 4416K,  10% used [0x04600000, 0x0466eae8, 0x04a50000)
  from space 512K,   0% used [0x04a50000, 0x04a50000, 0x04ad0000)
  to   space 512K,   0% used [0x04ad0000, 0x04ad0000, 0x04b50000)
 tenured generation   total 10944K, used 0K [0x0f0a0000, 0x0fb50000, 0x24600000)
   the space 10944K,   0% used [0x0f0a0000, 0x0f0a0000, 0x0f0a0200, 0x0fb50000)
 Metaspace       used 26K, capacity 2240K, committed 2240K, reserved 4480K

Card table byte_map: [0x044f0000,0x04600000] byte_map_base: 0x044cd000

Polling page: 0x001d0000

CodeCache: size=32768Kb used=635Kb max_used=635Kb free=32133Kb
 bounds [0x024f0000, 0x02590000, 0x044f0000]
 total_blobs=133 nmethods=0 adapters=66
 compilation: enabled

Compilation events (0 events):
No events

GC Heap History (0 events):
No events

Deoptimization events (0 events):
No events

Internal exceptions (6 events):
Event: 0.031 Thread 0x004ce400 Exception <a 'java/lang/NoSuchMethodError': Method sun.misc.Unsafe.defineClass(Ljava/lang/String;[BII)Ljava/lang/Class; name or signature does not match> (0x0460c7d8) thrown at [C:\re\workspace\8-2-build-windows-i586-cygwin\jdk8u45\3457\hotspot\src\share\v·¨‰+k†?
Event: 0.031 Thread 0x004ce400 Exception <a 'java/lang/NoSuchMethodError': Method sun.misc.Unsafe.prefetchRead(Ljava/lang/Object;J)V name or signature does not match> (0x0460ca58) thrown at [C:\re\workspace\8-2-build-windows-i586-cygwin\jdk8u45\3457\hotspot\src\share\vm\prims\jni.cpp, lEnPË%b©?
Event: 0.050 Thread 0x004ce400 Exception <a 'java/lang/ClassNotFoundException': error in opening JAR file C:\Program Files (x86)\Java\jre1.8.0_45\lib\rt.jar> (0x04660ab8) thrown at [C:\re\workspace\8-2-build-windows-i586-cygwin\jdk8u45\3457\hotspot\src\share\vm\classfile\classLoader.cpp»}zµe©?
Event: 0.050 Thread 0x004ce400 Exception <a 'java/lang/NoClassDefFoundError': java/lang/invoke/MethodHandleImpl$1> (0x04660cd0) thrown at [C:\re\workspace\8-2-build-windows-i586-cygwin\jdk8u45\3457\hotspot\src\share\vm\classfile\systemDictionary.cpp, line 199]
Event: 0.050 Thread 0x004ce400 Exception <a 'java/lang/NoClassDefFoundError'> (0x04660cd0) thrown at [C:\re\workspace\8-2-build-windows-i586-cygwin\jdk8u45\3457\hotspot\src\share\vm\oops\instanceKlass.cpp, line 938]
Event: 0.050 Thread 0x004ce400 Exception <a 'java/lang/NoClassDefFoundError'> (0x04660cd0) thrown at [C:\re\workspace\8-2-build-windows-i586-cygwin\jdk8u45\3457\hotspot\src\share\vm\oops\instanceKlass.cpp, line 938]

Events (8 events):
Event: 0.025 Thread 0x004ce400 Thread added: 0x004ce400
Event: 0.028 Thread 0x01c5e000 Thread added: 0x01c5e000
Event: 0.028 Thread 0x01c5f800 Thread added: 0x01c5f800
Event: 0.047 Thread 0x01c68800 Thread added: 0x01c68800
Event: 0.047 Thread 0x01c74c00 Thread added: 0x01c74c00
Event: 0.049 Thread 0x01c75c00 Thread added: 0x01c75c00
Event: 0.049 loading class java/lang/invoke/MethodHandleImpl$1
Event: 0.050 loading class java/lang/invoke/MethodHandleImpl$1 done


Dynamic libraries:
0x00180000 - 0x001b3000 	C:\Program Files (x86)\Java\jre1.8.0_45\bin\java.exe
0x77500000 - 0x77680000 	C:\Windows\SysWOW64\ntdll.dll
0x75210000 - 0x75320000 	C:\Windows\syswow64\kernel32.dll
0x75340000 - 0x75387000 	C:\Windows\syswow64\KERNELBASE.dll
0x75730000 - 0x757d0000 	C:\Windows\syswow64\ADVAPI32.dll
0x76bd0000 - 0x76c7c000 	C:\Windows\syswow64\msvcrt.dll
0x76c80000 - 0x76c99000 	C:\Windows\SysWOW64\sechost.dll
0x76700000 - 0x767f0000 	C:\Windows\syswow64\RPCRT4.dll
0x74f50000 - 0x74fb0000 	C:\Windows\syswow64\SspiCli.dll
0x74f40000 - 0x74f4c000 	C:\Windows\syswow64\CRYPTBASE.dll
0x76ac0000 - 0x76bc0000 	C:\Windows\syswow64\USER32.dll
0x75870000 - 0x75900000 	C:\Windows\syswow64\GDI32.dll
0x774d0000 - 0x774da000 	C:\Windows\syswow64\LPK.dll
0x76df0000 - 0x76e8d000 	C:\Windows\syswow64\USP10.dll
0x734a0000 - 0x7363e000 	C:\Windows\WinSxS\x86_microsoft.windows.common-controls_6595b64144ccf1df_6.0.7601.17514_none_41e6975e2bd6f2b2\COMCTL32.dll
0x75930000 - 0x75987000 	C:\Windows\syswow64\SHLWAPI.dll
0x75470000 - 0x754d0000 	C:\Windows\system32\IMM32.DLL
0x753a0000 - 0x7546c000 	C:\Windows\syswow64\MSCTF.dll
0x5b630000 - 0x5b6ef000 	C:\Program Files (x86)\Java\jre1.8.0_45\bin\msvcr100.dll
0x6dfe0000 - 0x6e3a0000 	C:\Program Files (x86)\Java\jre1.8.0_45\bin\client\jvm.dll
0x6d570000 - 0x6d577000 	C:\Windows\system32\WSOCK32.dll
0x75820000 - 0x75855000 	C:\Windows\syswow64\WS2_32.dll
0x75390000 - 0x75396000 	C:\Windows\syswow64\NSI.dll
0x6fa40000 - 0x6fa72000 	C:\Windows\system32\WINMM.dll
0x731e0000 - 0x731e9000 	C:\Windows\system32\VERSION.dll
0x75aa0000 - 0x75aa5000 	C:\Windows\syswow64\PSAPI.DLL
0x715a0000 - 0x715ac000 	C:\Program Files (x86)\Java\jre1.8.0_45\bin\verify.dll
0x71570000 - 0x71591000 	C:\Program Files (x86)\Java\jre1.8.0_45\bin\java.dll
0x71550000 - 0x71563000 	C:\Program Files (x86)\Java\jre1.8.0_45\bin\zip.dll
0x75ab0000 - 0x766fa000 	C:\Windows\syswow64\SHELL32.dll
0x767f0000 - 0x7694c000 	C:\Windows\syswow64\ole32.dll
0x6f920000 - 0x6f92b000 	C:\Windows\system32\profapi.dll
0x700b0000 - 0x7019b000 	C:\Windows\system32\dbghelp.dll

VM Arguments:
jvm_args: -Xmx512M 
java_command: <unknown>
java_class_path (initial): .
Launcher Type: SUN_STANDARD

Environment Variables:
JAVA_HOME=C:\Program Files\Java\jdk1.7.0_71
_JAVA_OPTIONS=-Xmx512M
PATH=C:\ProgramData\Oracle\Java\javapath;C:\Windows\system32;C:\Windows;C:\Windows\System32\Wbem;C:\Windows\System32\WindowsPowerShell\v1.0\;C:\Program Files (x86)\Microsoft SQL Server\100\Tools\Binn\VSShell\Common7\IDE\;C:\Program Files (x86)\Microsoft SQL Server\100\Tools\Binn\;C:\Program Files\Microsoft SQL Server\100\Tools\Binn\;C:\Program Files (x86)\Microsoft SQL Server\100\DTS\Binn\;C:\Program Files\Microsoft SQL Server\100\DTS\Binn\;C:\Program Files (x86)\Microsoft Team Foundation Server 2012 Power Tools\;C:\Program Files (x86)\Microsoft Team Foundation Server 2012 Power Tools\Best Practices Analyzer\;C:\Program Files\System Center Operations Manager 2007\;C:\Program Files (x86)\Microsoft ASP.NET\ASP.NET Web Pages\v1.0\;C:\Program Files\Microsoft SQL Server\110\Tools\Binn\;C:\Program Files\Microsoft\Web Platform Installer\;C:\Program Files\Devart\Review Assistant;C:\Program Files\Microsoft SQL Server\120\Tools\Binn\;C:\Program Files\nodejs\;C:\Users\htan\Documents\Visual Studio 2012\Projects\MvcApplication2\node_modules\protractor\selenium;C:\Program Files (x86)\Git\cmd;C:\Program Files (x86)\GtkSharp\2.12\bin;C:\Program Files (x86)\Skype\Phone\;C:\Program Files (x86)\Windows Kits\8.1\Windows Performance Toolkit\;C:\Program Files (x86)\Microsoft SDKs\TypeScript\1.4\;C:\Program Files (x86)\nodejs\;C:\Ruby193\bin;C:\Program Files\Java\jdk1.7.0_71;C:\Program Files\Java\jre7;C:\apache-ant-1.9.3\bin;I:\Android\android-sdk\tools;I:\Android\android-sdk\platform-tools;C:\Users\htan\AppData\Roaming\npm
USERNAME=htan
OS=Windows_NT
PROCESSOR_IDENTIFIER=Intel64 Family 6 Model 42 Stepping 7, GenuineIntel



---------------  S Y S T E M  ---------------

OS: Windows 7 , 64 bit Build 7601 (6.1.7601.17932)

CPU:total 8 (4 cores per cpu, 2 threads per core) family 6 model 42 stepping 7, cmov, cx8, fxsr, mmx, sse, sse2, sse3, ssse3, sse4.1, sse4.2, popcnt, avx, aes, clmul, ht, tsc, tscinvbit

Memory: 4k page, physical 8233400k(547484k free), swap 10640260k(6304k free)

vm_info: Java HotSpot(TM) Client VM (25.45-b02) for windows-x86 JRE (1.8.0_45-b14), built on Apr 10 2015 10:46:40 by "java_re" with MS VC++ 10.0 (VS2010)

time: Wed Aug 26 19:10:42 2015
elapsed time: 0 seconds (0d 0h 0m 0s)

